2015-09-04 19:57:25 Error: [MissingControllerException] Controller class FuncionarioController could not be found.
Exception Attributes: array (
  'class' => 'FuncionarioController',
  'plugin' => NULL,
)
Request URL: /sad/funcionario
Stack Trace:
#0 C:\xampp\htdocs\sad\app\webroot\index.php(108): Dispatcher->dispatch(Object(CakeRequest), Object(CakeResponse))
#1 {main}
2015-09-04 19:57:31 Error: [MissingControllerException] Controller class FuncionarioController could not be found.
Exception Attributes: array (
  'class' => 'FuncionarioController',
  'plugin' => NULL,
)
Request URL: /sad/funcionario/add
Stack Trace:
#0 C:\xampp\htdocs\sad\app\webroot\index.php(108): Dispatcher->dispatch(Object(CakeRequest), Object(CakeResponse))
#1 {main}
2015-09-04 19:57:48 Error: [MissingControllerException] Controller class FuncionarioController could not be found.
Exception Attributes: array (
  'class' => 'FuncionarioController',
  'plugin' => NULL,
)
Request URL: /sad/funcionario/add
Stack Trace:
#0 C:\xampp\htdocs\sad\app\webroot\index.php(108): Dispatcher->dispatch(Object(CakeRequest), Object(CakeResponse))
#1 {main}
2015-09-04 19:57:49 Error: [MissingControllerException] Controller class FuncionarioController could not be found.
Exception Attributes: array (
  'class' => 'FuncionarioController',
  'plugin' => NULL,
)
Request URL: /sad/funcionario/add
Stack Trace:
#0 C:\xampp\htdocs\sad\app\webroot\index.php(108): Dispatcher->dispatch(Object(CakeRequest), Object(CakeResponse))
#1 {main}
2015-09-04 19:57:52 Error: [MissingControllerException] Controller class FuncionarioController could not be found.
Exception Attributes: array (
  'class' => 'FuncionarioController',
  'plugin' => NULL,
)
Request URL: /sad/funcionario/
Stack Trace:
#0 C:\xampp\htdocs\sad\app\webroot\index.php(108): Dispatcher->dispatch(Object(CakeRequest), Object(CakeResponse))
#1 {main}
2015-09-04 19:58:27 Error: [MissingViewException] View file "C:\xampp\htdocs\sad\app\View\Funcionario\index.ctp" is missing.
Exception Attributes: array (
  'file' => 'C:\\xampp\\htdocs\\sad\\app\\View\\Funcionario\\index.ctp',
)
Request URL: /sad/funcionario/
Stack Trace:
#0 C:\xampp\htdocs\sad\lib\Cake\View\View.php(468): View->_getViewFileName(NULL)
#1 C:\xampp\htdocs\sad\lib\Cake\Controller\Controller.php(954): View->render(NULL, NULL)
#2 C:\xampp\htdocs\sad\lib\Cake\Routing\Dispatcher.php(198): Controller->render()
#3 C:\xampp\htdocs\sad\lib\Cake\Routing\Dispatcher.php(165): Dispatcher->_invoke(Object(FuncionarioController), Object(CakeRequest))
#4 C:\xampp\htdocs\sad\app\webroot\index.php(108): Dispatcher->dispatch(Object(CakeRequest), Object(CakeResponse))
#5 {main}
2015-09-04 20:23:50 Error: [PDOException] SQLSTATE[23000]: Integrity constraint violation: 1062 Duplicate entry '0' for key 'PRIMARY'
Request URL: /sad/funcionario/add
Stack Trace:
#0 C:\xampp\htdocs\sad\lib\Cake\Model\Datasource\DboSource.php(458): PDOStatement->execute(Array)
#1 C:\xampp\htdocs\sad\lib\Cake\Model\Datasource\DboSource.php(424): DboSource->_execute('INSERT INTO `sa...', Array)
#2 C:\xampp\htdocs\sad\lib\Cake\Model\Datasource\DboSource.php(1012): DboSource->execute('INSERT INTO `sa...')
#3 C:\xampp\htdocs\sad\lib\Cake\Model\Model.php(1834): DboSource->create(Object(Funcionario), Array, Array)
#4 C:\xampp\htdocs\sad\app\Controller\FuncionarioController.php(52): Model->save(Array)
#5 [internal function]: FuncionarioController->add()
#6 C:\xampp\htdocs\sad\lib\Cake\Controller\Controller.php(490): ReflectionMethod->invokeArgs(Object(FuncionarioController), Array)
#7 C:\xampp\htdocs\sad\lib\Cake\Routing\Dispatcher.php(191): Controller->invokeAction(Object(CakeRequest))
#8 C:\xampp\htdocs\sad\lib\Cake\Routing\Dispatcher.php(165): Dispatcher->_invoke(Object(FuncionarioController), Object(CakeRequest))
#9 C:\xampp\htdocs\sad\app\webroot\index.php(108): Dispatcher->dispatch(Object(CakeRequest), Object(CakeResponse))
#10 {main}
2015-09-04 20:24:24 Error: [PDOException] SQLSTATE[23000]: Integrity constraint violation: 1062 Duplicate entry '0' for key 'PRIMARY'
Request URL: /sad/funcionario/add
Stack Trace:
#0 C:\xampp\htdocs\sad\lib\Cake\Model\Datasource\DboSource.php(458): PDOStatement->execute(Array)
#1 C:\xampp\htdocs\sad\lib\Cake\Model\Datasource\DboSource.php(424): DboSource->_execute('INSERT INTO `sa...', Array)
#2 C:\xampp\htdocs\sad\lib\Cake\Model\Datasource\DboSource.php(1012): DboSource->execute('INSERT INTO `sa...')
#3 C:\xampp\htdocs\sad\lib\Cake\Model\Model.php(1834): DboSource->create(Object(Funcionario), Array, Array)
#4 C:\xampp\htdocs\sad\app\Controller\FuncionarioController.php(52): Model->save(Array)
#5 [internal function]: FuncionarioController->add()
#6 C:\xampp\htdocs\sad\lib\Cake\Controller\Controller.php(490): ReflectionMethod->invokeArgs(Object(FuncionarioController), Array)
#7 C:\xampp\htdocs\sad\lib\Cake\Routing\Dispatcher.php(191): Controller->invokeAction(Object(CakeRequest))
#8 C:\xampp\htdocs\sad\lib\Cake\Routing\Dispatcher.php(165): Dispatcher->_invoke(Object(FuncionarioController), Object(CakeRequest))
#9 C:\xampp\htdocs\sad\app\webroot\index.php(108): Dispatcher->dispatch(Object(CakeRequest), Object(CakeResponse))
#10 {main}
